2023-11-04 11:49:24,877 INFO a.T.UserTests [main] *********Creating User*********
2023-11-04 11:49:29,131 INFO a.T.UserTests [main] *********User Created*********
2023-11-04 11:49:29,147 INFO a.T.UserTests [main] *********Reading User*********
2023-11-04 11:49:30,855 INFO a.T.UserTests [main] *********Userinfo is displayed*********
2023-11-04 11:49:30,873 INFO a.T.UserTests [main] *********Updating User*********
2023-11-04 11:49:32,788 INFO a.T.UserTests [main] *********User is Updated*********
2023-11-04 11:49:32,802 INFO a.T.UserTests [main] *********Deleting User*********
2023-11-04 11:49:34,512 INFO a.T.UserTests [main] *********User Deleted*********
2023-11-04 19:03:06,095 INFO a.T.UserTests [main] *********Creating User*********
2023-11-04 19:03:16,498 INFO a.T.UserTests [main] *********User Created*********
2023-11-04 19:03:16,504 INFO a.T.UserTests [main] *********Reading User*********
2023-11-04 19:03:18,144 INFO a.T.UserTests [main] *********Userinfo is displayed*********
2023-11-04 19:03:18,150 INFO a.T.UserTests [main] *********Updating User*********
2023-11-04 19:03:19,823 INFO a.T.UserTests [main] *********User is Updated*********
2023-11-04 19:03:19,829 INFO a.T.UserTests [main] *********Deleting User*********
2023-11-04 19:03:21,475 INFO a.T.UserTests [main] *********User Deleted*********
2023-12-12 10:49:03,507 INFO a.T.UserTests [main] *********Creating User*********
2023-12-12 10:49:03,530 INFO a.T.UserTests [main] *********Reading User*********
2023-12-12 10:49:03,552 INFO a.T.UserTests [main] *********Updating User*********
2023-12-12 10:49:03,571 INFO a.T.UserTests [main] *********Deleting User*********
2023-12-12 10:49:03,623 INFO a.T.UserTests2 [main] *********Creating User*********
2023-12-12 10:49:03,643 INFO a.T.UserTests2 [main] *********Reading User*********
2023-12-12 10:49:03,661 INFO a.T.UserTests2 [main] *********Updating User*********
2023-12-12 10:49:03,683 INFO a.T.UserTests2 [main] *********Deleting User*********
2023-12-20 16:28:43,107 INFO a.T.UserTests [main] *********Creating User*********
2023-12-20 16:28:46,981 INFO a.T.UserTests [main] *********User Created*********
2023-12-20 16:28:46,990 INFO a.T.UserTests [main] *********Reading User*********
2023-12-20 16:28:48,830 INFO a.T.UserTests [main] *********Userinfo is displayed*********
2023-12-20 16:28:48,840 INFO a.T.UserTests [main] *********Updating User*********
2023-12-20 16:28:50,436 INFO a.T.UserTests [main] *********User is Updated*********
2023-12-20 16:28:50,458 INFO a.T.UserTests [main] *********Deleting User*********
2023-12-20 16:28:52,074 INFO a.T.UserTests [main] *********User Deleted*********
2024-01-25 11:57:22,822 INFO a.T.UserTests2 [main] *********Creating User*********
2024-01-25 11:57:26,626 INFO a.T.UserTests2 [main] *********User Created*********
2024-01-25 11:57:26,633 INFO a.T.UserTests2 [main] *********Reading User*********
2024-01-25 11:57:28,562 INFO a.T.UserTests2 [main] *********Userinfo is displayed*********
2024-01-25 11:57:28,569 INFO a.T.UserTests2 [main] *********Updating User*********
2024-01-25 11:57:30,300 INFO a.T.UserTests2 [main] *********User is Updated*********
2024-01-25 11:57:30,308 INFO a.T.UserTests2 [main] *********Deleting User*********
2024-01-25 11:57:32,141 INFO a.T.UserTests2 [main] *********User Deleted*********
